BEGIN;
BEGIN
EXPLAIN (ANALYZE, BUFFERS)
select
	l_shipmode,
	sum(case
		when o_orderpriority = '1-URGENT'
			or o_orderpriority = '2-HIGH'
			then 1
		else 0
	end) as high_line_count,
	sum(case
		when o_orderpriority <> '1-URGENT'
			and o_orderpriority <> '2-HIGH'
			then 1
		else 0
	end) as low_line_count
from
	orders,
	lineitem
where
	o_orderkey = l_orderkey
	and l_shipmode in ('REG AIR', 'TRUCK')
	and l_commitdate < l_receiptdate
	and l_shipdate < l_commitdate
	and l_receiptdate >= date '1997-01-01'
	and l_receiptdate < date '1997-01-01' + interval '1 year'
group by
	l_shipmode
order by
	l_shipmode;
                                                                                                                               QUERY PLAN                                                                                                                               
------------------------------------------------------------------------------------------------------------------------------------------------------------------------------------------------------------------------------------------------------------------------
 Sort  (cost=3022866.78..3022866.78 rows=1 width=27) (actual time=34817.073..34817.074 rows=2 loops=1)
   Sort Key: lineitem.l_shipmode
   Sort Method: quicksort  Memory: 25kB
   Buffers: shared hit=717263 read=602740
   ->  HashAggregate  (cost=3022866.76..3022866.77 rows=1 width=27) (actual time=34817.018..34817.019 rows=2 loops=1)
         Group Key: lineitem.l_shipmode
         Buffers: shared hit=717258 read=602740
         ->  Hash Join  (cost=591359.14..3017833.23 rows=287630 width=27) (actual time=9678.476..34466.412 rows=311290 loops=1)
               Hash Cond: (lineitem.l_orderkey = orders.o_orderkey)
               Buffers: shared hit=717258 read=602740
               ->  Seq Scan on lineitem  (cost=0.00..2417485.66 rows=287630 width=15) (actual time=0.040..24365.133 rows=311290 loops=1)
                     Filter: ((l_shipmode = ANY ('{"REG AIR",TRUCK}'::bpchar[])) AND (l_commitdate < l_receiptdate) AND (l_shipdate < l_commitdate) AND (l_receiptdate >= '1997-01-01'::date) AND (l_receiptdate < '1998-01-01 00:00:00'::timestamp without time zone))
                     Rows Removed by Filter: 59734379
                     Buffers: shared hit=594240 read=472233
               ->  Hash  (cost=403671.84..403671.84 rows=15014984 width=20) (actual time=9633.596..9633.596 rows=15015000 loops=1)
                     Buckets: 16777216  Batches: 1  Memory Usage: 893553kB
                     Buffers: shared hit=123015 read=130507
                     ->  Seq Scan on orders  (cost=0.00..403671.84 rows=15014984 width=20) (actual time=0.007..5078.777 rows=15015000 loops=1)
                           Buffers: shared hit=123015 read=130507
 Planning time: 3.369 ms
 Execution time: 34821.299 ms
(21 rows)

COMMIT;
COMMIT
