BEGIN;
BEGIN
EXPLAIN (ANALYZE, BUFFERS)
select
	s_name,
	count(*) as numwait
from
	supplier,
	lineitem l1,
	orders,
	nation
where
	s_suppkey = l1.l_suppkey
	and o_orderkey = l1.l_orderkey
	and o_orderstatus = 'F'
	and l1.l_receiptdate > l1.l_commitdate
	and exists (
		select
			*
		from
			lineitem l2
		where
			l2.l_orderkey = l1.l_orderkey
			and l2.l_suppkey <> l1.l_suppkey
	)
	and not exists (
		select
			*
		from
			lineitem l3
		where
			l3.l_orderkey = l1.l_orderkey
			and l3.l_suppkey <> l1.l_suppkey
			and l3.l_receiptdate > l3.l_commitdate
	)
	and s_nationkey = n_nationkey
	and n_name = 'IRAQ'
group by
	s_name
order by
	numwait desc,
	s_name
LIMIT 100;
                                                                                                  QUERY PLAN                                                                                                  
--------------------------------------------------------------------------------------------------------------------------------------------------------------------------------------------------------------
 Limit  (cost=2843567.44..2843567.44 rows=1 width=26) (actual time=42334.875..42334.892 rows=100 loops=1)
   Buffers: shared hit=13985071 read=720455
   ->  Sort  (cost=2843567.44..2843567.44 rows=1 width=26) (actual time=42334.874..42334.881 rows=100 loops=1)
         Sort Key: (count(*)), supplier.s_name
         Sort Method: top-N heapsort  Memory: 32kB
         Buffers: shared hit=13985071 read=720455
         ->  HashAggregate  (cost=2843567.42..2843567.43 rows=1 width=26) (actual time=42332.609..42333.687 rows=4095 loops=1)
               Group Key: supplier.s_name
               Buffers: shared hit=13985063 read=720455
               ->  Nested Loop Anti Join  (cost=2406.88..2843567.41 rows=1 width=26) (actual time=40.390..42268.993 rows=40946 loops=1)
                     Buffers: shared hit=13985063 read=720455
                     ->  Nested Loop Semi Join  (cost=2406.31..2843565.63 rows=1 width=34) (actual time=40.381..39388.891 rows=724709 loops=1)
                           Join Filter: (orders.o_orderkey = l2.l_orderkey)
                           Buffers: shared hit=10348769 read=717717
                           ->  Nested Loop  (cost=2405.75..2322853.43 rows=389735 width=38) (actual time=40.367..34309.733 rows=752114 loops=1)
                                 Buffers: shared hit=6746023 read=554185
                                 ->  Hash Join  (cost=2405.31..1902482.88 rows=798572 width=34) (actual time=40.253..26404.110 rows=1555769 loops=1)
                                       Hash Cond: (l1.l_suppkey = supplier.s_suppkey)
                                       Buffers: shared hit=536922 read=531736
                                       ->  Seq Scan on lineitem l1  (cost=0.00..1817035.59 rows=20015002 width=8) (actual time=0.005..20425.511 rows=37967116 loops=1)
                                             Filter: (l_receiptdate > l_commitdate)
                                             Rows Removed by Filter: 22078553
                                             Buffers: shared hit=534739 read=531734
                                       ->  Hash  (cost=2355.31..2355.31 rows=4000 width=30) (actual time=40.156..40.156 rows=4095 loops=1)
                                             Buckets: 4096  Batches: 1  Memory Usage: 288kB
                                             Buffers: shared hit=2180 read=2
                                             ->  Nested Loop  (cost=43.00..2355.31 rows=4000 width=30) (actual time=0.294..39.073 rows=4095 loops=1)
                                                   Buffers: shared hit=2180 read=2
                                                   ->  Seq Scan on nation  (cost=0.00..1.31 rows=1 width=4) (actual time=0.006..0.010 rows=1 loops=1)
                                                         Filter: (n_name = 'IRAQ'::bpchar)
                                                         Rows Removed by Filter: 24
                                                         Buffers: shared hit=1
                                                   ->  Bitmap Heap Scan on supplier  (cost=43.00..2314.00 rows=4000 width=34) (actual time=0.282..38.393 rows=4095 loops=1)
                                                         Recheck Cond: (s_nationkey = nation.n_nationkey)
                                                         Rows Removed by Index Recheck: 95905
                                                         Heap Blocks: lossy=2179
                                                         Buffers: shared hit=2179 read=2
                                                         ->  Bitmap Index Scan on supplier_s_nationkey_s_suppkey_brin_idx  (cost=0.00..42.00 rows=4000 width=0) (actual time=0.263..0.263 rows=23040 loops=1)
                                                               Index Cond: (s_nationkey = nation.n_nationkey)
                                                               Buffers: shared read=2
                                 ->  Index Scan using pk_orders on orders  (cost=0.43..0.52 rows=1 width=4) (actual time=0.004..0.005 rows=0 loops=1555769)
                                       Index Cond: (o_orderkey = l1.l_orderkey)
                                       Filter: (o_orderstatus = 'F'::bpchar)
                                       Rows Removed by Filter: 1
                                       Buffers: shared hit=6209101 read=22449
                           ->  Index Scan using pk_lineitem on lineitem l2  (cost=0.56..1.15 rows=15 width=8) (actual time=0.006..0.006 rows=1 loops=752114)
                                 Index Cond: (l_orderkey = l1.l_orderkey)
                                 Filter: (l_suppkey <> l1.l_suppkey)
                                 Rows Removed by Filter: 0
                                 Buffers: shared hit=3602746 read=163532
                     ->  Index Scan using pk_lineitem on lineitem l3  (cost=0.56..1.15 rows=5 width=8) (actual time=0.003..0.003 rows=1 loops=724709)
                           Index Cond: (l_orderkey = l1.l_orderkey)
                           Filter: ((l_receiptdate > l_commitdate) AND (l_suppkey <> l1.l_suppkey))
                           Rows Removed by Filter: 1
                           Buffers: shared hit=3636294 read=2738
 Planning time: 11.955 ms
 Execution time: 42335.191 ms
(57 rows)

COMMIT;
COMMIT
