BEGIN;
BEGIN
EXPLAIN (ANALYZE, BUFFERS)
select
	s_name,
	count(*) as numwait
from
	supplier,
	lineitem l1,
	orders,
	nation
where
	s_suppkey = l1.l_suppkey
	and o_orderkey = l1.l_orderkey
	and o_orderstatus = 'F'
	and l1.l_receiptdate > l1.l_commitdate
	and exists (
		select
			*
		from
			lineitem l2
		where
			l2.l_orderkey = l1.l_orderkey
			and l2.l_suppkey <> l1.l_suppkey
	)
	and not exists (
		select
			*
		from
			lineitem l3
		where
			l3.l_orderkey = l1.l_orderkey
			and l3.l_suppkey <> l1.l_suppkey
			and l3.l_receiptdate > l3.l_commitdate
	)
	and s_nationkey = n_nationkey
	and n_name = 'JORDAN'
group by
	s_name
order by
	numwait desc,
	s_name
LIMIT 100;
                                                                                                  QUERY PLAN                                                                                                  
--------------------------------------------------------------------------------------------------------------------------------------------------------------------------------------------------------------
 Limit  (cost=2860669.74..2860669.74 rows=1 width=26) (actual time=38907.425..38907.445 rows=100 loops=1)
   Buffers: shared hit=13602685 read=543670 written=3
   ->  Sort  (cost=2860669.74..2860669.74 rows=1 width=26) (actual time=38907.423..38907.431 rows=100 loops=1)
         Sort Key: (count(*)), supplier.s_name
         Sort Method: top-N heapsort  Memory: 32kB
         Buffers: shared hit=13602685 read=543670 written=3
         ->  HashAggregate  (cost=2860669.72..2860669.73 rows=1 width=26) (actual time=38905.266..38906.265 rows=3933 loops=1)
               Group Key: supplier.s_name
               Buffers: shared hit=13602677 read=543670 written=3
               ->  Nested Loop Anti Join  (cost=2406.88..2860669.71 rows=1 width=26) (actual time=44.121..38857.100 rows=39071 loops=1)
                     Buffers: shared hit=13602677 read=543670 written=3
                     ->  Nested Loop Semi Join  (cost=2406.31..2860667.93 rows=1 width=34) (actual time=41.546..36166.439 rows=694294 loops=1)
                           Join Filter: (orders.o_orderkey = l2.l_orderkey)
                           Buffers: shared hit=10118349 read=541700 written=3
                           ->  Nested Loop  (cost=2405.75..2336776.93 rows=392067 width=38) (actual time=41.478..31669.362 rows=720772 loops=1)
                                 Buffers: shared hit=6627460 read=423318 written=2
                                 ->  Hash Join  (cost=2405.31..1913851.57 rows=803350 width=34) (actual time=41.408..24748.132 rows=1491902 loops=1)
                                       Hash Cond: (l1.l_suppkey = supplier.s_suppkey)
                                       Buffers: shared hit=664003 read=411036 written=2
                                       ->  Seq Scan on lineitem l1  (cost=0.00..1827907.41 rows=20134758 width=8) (actual time=0.016..18862.280 rows=37927958 loops=1)
                                             Filter: (l_receiptdate > l_commitdate)
                                             Rows Removed by Filter: 22056951
                                             Buffers: shared hit=661818 read=411036 written=2
                                       ->  Hash  (cost=2355.31..2355.31 rows=4000 width=30) (actual time=41.353..41.353 rows=3933 loops=1)
                                             Buckets: 4096  Batches: 1  Memory Usage: 278kB
                                             Buffers: shared hit=2182
                                             ->  Nested Loop  (cost=43.00..2355.31 rows=4000 width=30) (actual time=0.280..40.272 rows=3933 loops=1)
                                                   Buffers: shared hit=2182
                                                   ->  Seq Scan on nation  (cost=0.00..1.31 rows=1 width=4) (actual time=0.006..0.010 rows=1 loops=1)
                                                         Filter: (n_name = 'JORDAN'::bpchar)
                                                         Rows Removed by Filter: 24
                                                         Buffers: shared hit=1
                                                   ->  Bitmap Heap Scan on supplier  (cost=43.00..2314.00 rows=4000 width=34) (actual time=0.267..39.644 rows=3933 loops=1)
                                                         Recheck Cond: (s_nationkey = nation.n_nationkey)
                                                         Rows Removed by Index Recheck: 96067
                                                         Heap Blocks: lossy=2179
                                                         Buffers: shared hit=2181
                                                         ->  Bitmap Index Scan on supplier_s_nationkey_s_suppkey_brin_idx  (cost=0.00..42.00 rows=4000 width=0) (actual time=0.246..0.246 rows=23040 loops=1)
                                                               Index Cond: (s_nationkey = nation.n_nationkey)
                                                               Buffers: shared hit=2
                                 ->  Index Scan using pk_orders on orders  (cost=0.43..0.52 rows=1 width=4) (actual time=0.004..0.004 rows=0 loops=1491902)
                                       Index Cond: (o_orderkey = l1.l_orderkey)
                                       Filter: (o_orderstatus = 'F'::bpchar)
                                       Rows Removed by Filter: 1
                                       Buffers: shared hit=5963457 read=12282
                           ->  Index Scan using pk_lineitem on lineitem l2  (cost=0.56..1.15 rows=15 width=8) (actual time=0.006..0.006 rows=1 loops=720772)
                                 Index Cond: (l_orderkey = l1.l_orderkey)
                                 Filter: (l_suppkey <> l1.l_suppkey)
                                 Rows Removed by Filter: 0
                                 Buffers: shared hit=3490889 read=118382 written=1
                     ->  Index Scan using pk_lineitem on lineitem l3  (cost=0.56..1.15 rows=5 width=8) (actual time=0.003..0.003 rows=1 loops=694294)
                           Index Cond: (l_orderkey = l1.l_orderkey)
                           Filter: ((l_receiptdate > l_commitdate) AND (l_suppkey <> l1.l_suppkey))
                           Rows Removed by Filter: 1
                           Buffers: shared hit=3484328 read=1970
 Planning time: 9.290 ms
 Execution time: 38907.705 ms
(57 rows)

COMMIT;
COMMIT
