BEGIN;
BEGIN
EXPLAIN (ANALYZE, BUFFERS)
select
	s_name,
	count(*) as numwait
from
	supplier,
	lineitem l1,
	orders,
	nation
where
	s_suppkey = l1.l_suppkey
	and o_orderkey = l1.l_orderkey
	and o_orderstatus = 'F'
	and l1.l_receiptdate > l1.l_commitdate
	and exists (
		select
			*
		from
			lineitem l2
		where
			l2.l_orderkey = l1.l_orderkey
			and l2.l_suppkey <> l1.l_suppkey
	)
	and not exists (
		select
			*
		from
			lineitem l3
		where
			l3.l_orderkey = l1.l_orderkey
			and l3.l_suppkey <> l1.l_suppkey
			and l3.l_receiptdate > l3.l_commitdate
	)
	and s_nationkey = n_nationkey
	and n_name = 'ETHIOPIA'
group by
	s_name
order by
	numwait desc,
	s_name
LIMIT 100;
                                                                                                  QUERY PLAN                                                                                                  
--------------------------------------------------------------------------------------------------------------------------------------------------------------------------------------------------------------
 Limit  (cost=2846434.53..2846434.54 rows=1 width=26) (actual time=36745.530..36745.548 rows=100 loops=1)
   Buffers: shared hit=14000694 read=186889 written=2103
   ->  Sort  (cost=2846434.53..2846434.54 rows=1 width=26) (actual time=36745.528..36745.535 rows=100 loops=1)
         Sort Key: (count(*)), supplier.s_name
         Sort Method: top-N heapsort  Memory: 32kB
         Buffers: shared hit=14000694 read=186889 written=2103
         ->  HashAggregate  (cost=2846434.51..2846434.52 rows=1 width=26) (actual time=36743.400..36744.424 rows=3945 loops=1)
               Group Key: supplier.s_name
               Buffers: shared hit=14000686 read=186889 written=2103
               ->  Nested Loop Anti Join  (cost=2406.88..2846434.51 rows=1 width=26) (actual time=32.742..36696.417 rows=38955 loops=1)
                     Buffers: shared hit=14000686 read=186889 written=2103
                     ->  Nested Loop Semi Join  (cost=2406.31..2846432.73 rows=1 width=34) (actual time=32.625..33916.262 rows=697281 loops=1)
                           Join Filter: (orders.o_orderkey = l2.l_orderkey)
                           Buffers: shared hit=10499679 read=186401 written=2100
                           ->  Nested Loop  (cost=2405.75..2325187.87 rows=390126 width=38) (actual time=32.593..29801.809 rows=723427 loops=1)
                                 Buffers: shared hit=6923763 read=139562 written=1348
                                 ->  Hash Join  (cost=2405.31..1904389.25 rows=799373 width=34) (actual time=32.553..22395.263 rows=1496360 loops=1)
                                       Hash Cond: (l1.l_suppkey = supplier.s_suppkey)
                                       Buffers: shared hit=1013358 read=56370
                                       ->  Seq Scan on lineitem l1  (cost=0.00..1818858.64 rows=20035084 width=8) (actual time=0.015..16553.314 rows=37966905 loops=1)
                                             Filter: (l_receiptdate > l_commitdate)
                                             Rows Removed by Filter: 22078698
                                             Buffers: shared hit=1011174 read=56369
                                       ->  Hash  (cost=2355.31..2355.31 rows=4000 width=30) (actual time=32.508..32.508 rows=3945 loops=1)
                                             Buckets: 4096  Batches: 1  Memory Usage: 279kB
                                             Buffers: shared hit=2181 read=1
                                             ->  Nested Loop  (cost=43.00..2355.31 rows=4000 width=30) (actual time=0.319..31.449 rows=3945 loops=1)
                                                   Buffers: shared hit=2181 read=1
                                                   ->  Seq Scan on nation  (cost=0.00..1.31 rows=1 width=4) (actual time=0.005..0.010 rows=1 loops=1)
                                                         Filter: (n_name = 'ETHIOPIA'::bpchar)
                                                         Rows Removed by Filter: 24
                                                         Buffers: shared hit=1
                                                   ->  Bitmap Heap Scan on supplier  (cost=43.00..2314.00 rows=4000 width=34) (actual time=0.308..30.819 rows=3945 loops=1)
                                                         Recheck Cond: (s_nationkey = nation.n_nationkey)
                                                         Rows Removed by Index Recheck: 96055
                                                         Heap Blocks: lossy=2179
                                                         Buffers: shared hit=2180 read=1
                                                         ->  Bitmap Index Scan on supplier_s_nationkey_s_suppkey_brin_idx  (cost=0.00..42.00 rows=4000 width=0) (actual time=0.290..0.290 rows=23040 loops=1)
                                                               Index Cond: (s_nationkey = nation.n_nationkey)
                                                               Buffers: shared hit=1 read=1
                                 ->  Index Scan using pk_orders on orders  (cost=0.43..0.52 rows=1 width=4) (actual time=0.004..0.004 rows=0 loops=1496360)
                                       Index Cond: (o_orderkey = l1.l_orderkey)
                                       Filter: (o_orderstatus = 'F'::bpchar)
                                       Rows Removed by Filter: 1
                                       Buffers: shared hit=5910405 read=83192 written=1348
                           ->  Index Scan using pk_lineitem on lineitem l2  (cost=0.56..1.15 rows=15 width=8) (actual time=0.005..0.005 rows=1 loops=723427)
                                 Index Cond: (l_orderkey = l1.l_orderkey)
                                 Filter: (l_suppkey <> l1.l_suppkey)
                                 Rows Removed by Filter: 0
                                 Buffers: shared hit=3575916 read=46839 written=752
                     ->  Index Scan using pk_lineitem on lineitem l3  (cost=0.56..1.15 rows=5 width=8) (actual time=0.004..0.004 rows=1 loops=697281)
                           Index Cond: (l_orderkey = l1.l_orderkey)
                           Filter: ((l_receiptdate > l_commitdate) AND (l_suppkey <> l1.l_suppkey))
                           Rows Removed by Filter: 1
                           Buffers: shared hit=3501007 read=488 written=3
 Planning time: 8.315 ms
 Execution time: 36745.835 ms
(57 rows)

COMMIT;
COMMIT
