BEGIN;
BEGIN
EXPLAIN (ANALYZE, BUFFERS)
select
	c_custkey,
	c_name,
	sum(l_extendedprice * (1 - l_discount)) as revenue,
	c_acctbal,
	n_name,
	c_address,
	c_phone,
	c_comment
from
	customer,
	orders,
	lineitem,
	nation
where
	c_custkey = o_custkey
	and l_orderkey = o_orderkey
	and o_orderdate >= date '1994-02-01'
	and o_orderdate < cast(date '1994-02-01' + interval '3 month' as date)
	and l_returnflag = 'R'
	and c_nationkey = n_nationkey
group by
	c_custkey,
	c_name,
	c_acctbal,
	c_phone,
	n_name,
	c_address,
	c_comment
order by
	revenue desc
LIMIT 20;
                                                                                               QUERY PLAN                                                                                                
---------------------------------------------------------------------------------------------------------------------------------------------------------------------------------------------------------
 Limit  (cost=2286836.09..2286836.14 rows=20 width=176) (actual time=31134.692..31134.699 rows=20 loops=1)
   Buffers: shared hit=829870 read=533318
   ->  Sort  (cost=2286836.09..2288255.87 rows=567914 width=176) (actual time=31134.690..31134.692 rows=20 loops=1)
         Sort Key: (sum((lineitem.l_extendedprice * (1::double precision - lineitem.l_discount))))
         Sort Method: top-N heapsort  Memory: 30kB
         Buffers: shared hit=829870 read=533318
         ->  HashAggregate  (cost=2266044.96..2271724.10 rows=567914 width=176) (actual time=30783.482..31000.399 rows=371950 loops=1)
               Group Key: customer.c_custkey, customer.c_name, customer.c_acctbal, customer.c_phone, nation.n_name, customer.c_address, customer.c_comment
               Buffers: shared hit=829867 read=533318
               ->  Hash Join  (cost=345709.49..2251847.11 rows=567914 width=176) (actual time=7521.914..28929.526 rows=1109530 loops=1)
                     Hash Cond: (customer.c_nationkey = nation.n_nationkey)
                     Buffers: shared hit=829867 read=533318
                     ->  Hash Join  (cost=345707.93..2244036.73 rows=567914 width=154) (actual time=7521.885..28537.662 rows=1109530 loops=1)
                           Hash Cond: (orders.o_custkey = customer.c_custkey)
                           Buffers: shared hit=829866 read=533318
                           ->  Hash Join  (cost=276679.93..2166490.02 rows=567914 width=12) (actual time=5894.998..26137.077 rows=1109530 loops=1)
                                 Hash Cond: (lineitem.l_orderkey = orders.o_orderkey)
                                 Buffers: shared hit=829864 read=498042
                                 ->  Seq Scan on lineitem  (cost=0.00..1827907.41 rows=14992944 width=12) (actual time=0.018..17107.604 rows=14808293 loops=1)
                                       Filter: (l_returnflag = 'R'::bpchar)
                                       Rows Removed by Filter: 45176616
                                       Buffers: shared hit=649723 read=423131
                                 ->  Hash  (cost=269527.96..269527.96 rows=572157 width=8) (actual time=5890.579..5890.579 rows=554297 loops=1)
                                       Buckets: 1048576  Batches: 1  Memory Usage: 29845kB
                                       Buffers: shared hit=180141 read=74911
                                       ->  Bitmap Heap Scan on orders  (cost=5904.61..269527.96 rows=572157 width=8) (actual time=27.611..5683.219 rows=554297 loops=1)
                                             Recheck Cond: ((o_orderdate >= '1994-02-01'::date) AND (o_orderdate < '1994-05-01'::date))
                                             Rows Removed by Index Recheck: 14445703
                                             Heap Blocks: lossy=255041
                                             Buffers: shared hit=180141 read=74911
                                             ->  Bitmap Index Scan on orders_o_orderdate_o_orderkey_brin_idx  (cost=0.00..5761.57 rows=572157 width=0) (actual time=27.442..27.442 rows=2551040 loops=1)
                                                   Index Cond: ((o_orderdate >= '1994-02-01'::date) AND (o_orderdate < '1994-05-01'::date))
                                                   Buffers: shared hit=3 read=8
                           ->  Hash  (cost=50278.00..50278.00 rows=1500000 width=146) (actual time=1620.806..1620.806 rows=1500000 loops=1)
                                 Buckets: 2097152  Batches: 1  Memory Usage: 281501kB
                                 Buffers: shared hit=2 read=35276
                                 ->  Seq Scan on customer  (cost=0.00..50278.00 rows=1500000 width=146) (actual time=0.006..783.081 rows=1500000 loops=1)
                                       Buffers: shared hit=2 read=35276
                     ->  Hash  (cost=1.25..1.25 rows=25 width=30) (actual time=0.018..0.018 rows=25 loops=1)
                           Buckets: 1024  Batches: 1  Memory Usage: 10kB
                           Buffers: shared hit=1
                           ->  Seq Scan on nation  (cost=0.00..1.25 rows=25 width=30) (actual time=0.005..0.009 rows=25 loops=1)
                                 Buffers: shared hit=1
 Planning time: 4.572 ms
 Execution time: 31143.672 ms
(45 rows)

COMMIT;
COMMIT
