BEGIN;
BEGIN
EXPLAIN (ANALYZE, BUFFERS)
select
	s_name,
	count(*) as numwait
from
	supplier,
	lineitem l1,
	orders,
	nation
where
	s_suppkey = l1.l_suppkey
	and o_orderkey = l1.l_orderkey
	and o_orderstatus = 'F'
	and l1.l_receiptdate > l1.l_commitdate
	and exists (
		select
			*
		from
			lineitem l2
		where
			l2.l_orderkey = l1.l_orderkey
			and l2.l_suppkey <> l1.l_suppkey
	)
	and not exists (
		select
			*
		from
			lineitem l3
		where
			l3.l_orderkey = l1.l_orderkey
			and l3.l_suppkey <> l1.l_suppkey
			and l3.l_receiptdate > l3.l_commitdate
	)
	and s_nationkey = n_nationkey
	and n_name = 'CANADA'
group by
	s_name
order by
	numwait desc,
	s_name
LIMIT 100;
                                                                                                  QUERY PLAN                                                                                                  
--------------------------------------------------------------------------------------------------------------------------------------------------------------------------------------------------------------
 Limit  (cost=2843567.44..2843567.44 rows=1 width=26) (actual time=37601.137..37601.156 rows=100 loops=1)
   Buffers: shared hit=14378683 read=161966 dirtied=546 written=616
   ->  Sort  (cost=2843567.44..2843567.44 rows=1 width=26) (actual time=37601.135..37601.142 rows=100 loops=1)
         Sort Key: (count(*)), supplier.s_name
         Sort Method: top-N heapsort  Memory: 32kB
         Buffers: shared hit=14378683 read=161966 dirtied=546 written=616
         ->  HashAggregate  (cost=2843567.42..2843567.43 rows=1 width=26) (actual time=37598.629..37599.944 rows=4054 loops=1)
               Group Key: supplier.s_name
               Buffers: shared hit=14378675 read=161966 dirtied=546 written=616
               ->  Nested Loop Anti Join  (cost=2406.88..2843567.41 rows=1 width=26) (actual time=62.640..37545.092 rows=40120 loops=1)
                     Buffers: shared hit=14378675 read=161966 dirtied=546 written=616
                     ->  Nested Loop Semi Join  (cost=2406.31..2843565.63 rows=1 width=34) (actual time=55.638..34669.117 rows=715962 loops=1)
                           Join Filter: (orders.o_orderkey = l2.l_orderkey)
                           Buffers: shared hit=10784199 read=161568 dirtied=546 written=615
                           ->  Nested Loop  (cost=2405.75..2322853.43 rows=389735 width=38) (actual time=55.623..30347.245 rows=743234 loops=1)
                                 Buffers: shared hit=7080318 read=143669 dirtied=546 written=459
                                 ->  Hash Join  (cost=2405.31..1902482.88 rows=798572 width=34) (actual time=55.495..22860.884 rows=1536728 loops=1)
                                       Hash Cond: (l1.l_suppkey = supplier.s_suppkey)
                                       Buffers: shared hit=955473 read=113185 dirtied=546 written=348
                                       ->  Seq Scan on lineitem l1  (cost=0.00..1817035.59 rows=20015002 width=8) (actual time=0.008..16892.399 rows=37928797 loops=1)
                                             Filter: (l_receiptdate > l_commitdate)
                                             Rows Removed by Filter: 22056532
                                             Buffers: shared hit=954550 read=111923 dirtied=546 written=348
                                       ->  Hash  (cost=2355.31..2355.31 rows=4000 width=30) (actual time=55.357..55.357 rows=4054 loops=1)
                                             Buckets: 4096  Batches: 1  Memory Usage: 286kB
                                             Buffers: shared hit=920 read=1262
                                             ->  Nested Loop  (cost=43.00..2355.31 rows=4000 width=30) (actual time=0.532..53.854 rows=4054 loops=1)
                                                   Buffers: shared hit=920 read=1262
                                                   ->  Seq Scan on nation  (cost=0.00..1.31 rows=1 width=4) (actual time=0.004..0.010 rows=1 loops=1)
                                                         Filter: (n_name = 'CANADA'::bpchar)
                                                         Rows Removed by Filter: 24
                                                         Buffers: shared hit=1
                                                   ->  Bitmap Heap Scan on supplier  (cost=43.00..2314.00 rows=4000 width=34) (actual time=0.519..52.879 rows=4054 loops=1)
                                                         Recheck Cond: (s_nationkey = nation.n_nationkey)
                                                         Rows Removed by Index Recheck: 95946
                                                         Heap Blocks: lossy=2179
                                                         Buffers: shared hit=919 read=1262
                                                         ->  Bitmap Index Scan on supplier_s_nationkey_s_suppkey_brin_idx  (cost=0.00..42.00 rows=4000 width=0) (actual time=0.479..0.479 rows=23040 loops=1)
                                                               Index Cond: (s_nationkey = nation.n_nationkey)
                                                               Buffers: shared read=2
                                 ->  Index Scan using pk_orders on orders  (cost=0.43..0.52 rows=1 width=4) (actual time=0.004..0.004 rows=0 loops=1536728)
                                       Index Cond: (o_orderkey = l1.l_orderkey)
                                       Filter: (o_orderstatus = 'F'::bpchar)
                                       Rows Removed by Filter: 1
                                       Buffers: shared hit=6124845 read=30484 written=111
                           ->  Index Scan using pk_lineitem on lineitem l2  (cost=0.56..1.15 rows=15 width=8) (actual time=0.005..0.005 rows=1 loops=743234)
                                 Index Cond: (l_orderkey = l1.l_orderkey)
                                 Filter: (l_suppkey <> l1.l_suppkey)
                                 Rows Removed by Filter: 0
                                 Buffers: shared hit=3703881 read=17899 written=156
                     ->  Index Scan using pk_lineitem on lineitem l3  (cost=0.56..1.15 rows=5 width=8) (actual time=0.004..0.004 rows=1 loops=715962)
                           Index Cond: (l_orderkey = l1.l_orderkey)
                           Filter: ((l_receiptdate > l_commitdate) AND (l_suppkey <> l1.l_suppkey))
                           Rows Removed by Filter: 1
                           Buffers: shared hit=3594476 read=398 written=1
 Planning time: 9.801 ms
 Execution time: 37601.664 ms
(57 rows)

COMMIT;
COMMIT
