BEGIN;
BEGIN
EXPLAIN (ANALYZE, BUFFERS)
select
	c_custkey,
	c_name,
	sum(l_extendedprice * (1 - l_discount)) as revenue,
	c_acctbal,
	n_name,
	c_address,
	c_phone,
	c_comment
from
	customer,
	orders,
	lineitem,
	nation
where
	c_custkey = o_custkey
	and l_orderkey = o_orderkey
	and o_orderdate >= date '1993-12-01'
	and o_orderdate < cast(date '1993-12-01' + interval '3 month' as date)
	and l_returnflag = 'R'
	and c_nationkey = n_nationkey
group by
	c_custkey,
	c_name,
	c_acctbal,
	c_phone,
	n_name,
	c_address,
	c_comment
order by
	revenue desc
LIMIT 20;
                                                                                               QUERY PLAN                                                                                                
---------------------------------------------------------------------------------------------------------------------------------------------------------------------------------------------------------
 Limit  (cost=2273379.53..2273379.58 rows=20 width=176) (actual time=32777.145..32777.152 rows=20 loops=1)
   Buffers: shared hit=902729 read=452559 dirtied=253
   ->  Sort  (cost=2273379.53..2274786.11 rows=562631 width=176) (actual time=32777.143..32777.148 rows=20 loops=1)
         Sort Key: (sum((lineitem.l_extendedprice * (1::double precision - lineitem.l_discount))))
         Sort Method: top-N heapsort  Memory: 30kB
         Buffers: shared hit=902729 read=452559 dirtied=253
         ->  HashAggregate  (cost=2252781.81..2258408.12 rows=562631 width=176) (actual time=32456.107..32642.922 rows=374690 loops=1)
               Group Key: customer.c_custkey, customer.c_name, customer.c_acctbal, customer.c_phone, nation.n_name, customer.c_address, customer.c_comment
               Buffers: shared hit=902726 read=452559 dirtied=253
               ->  Hash Join  (cost=343989.36..2238716.04 rows=562631 width=176) (actual time=9775.354..30591.135 rows=1120276 loops=1)
                     Hash Cond: (customer.c_nationkey = nation.n_nationkey)
                     Buffers: shared hit=902726 read=452559 dirtied=253
                     ->  Hash Join  (cost=343987.80..2230978.30 rows=562631 width=154) (actual time=9775.330..30203.162 rows=1120276 loops=1)
                           Hash Cond: (orders.o_custkey = customer.c_custkey)
                           Buffers: shared hit=902725 read=452559 dirtied=253
                           ->  Hash Join  (cost=274959.80..2153510.84 rows=562631 width=12) (actual time=8427.784..28038.985 rows=1120276 loops=1)
                                 Hash Cond: (lineitem.l_orderkey = orders.o_orderkey)
                                 Buffers: shared hit=869418 read=450588 dirtied=253
                                 ->  Seq Scan on lineitem  (cost=0.00..1817035.59 rows=14903771 width=12) (actual time=0.012..16370.876 rows=14808323 loops=1)
                                       Filter: (l_returnflag = 'R'::bpchar)
                                       Rows Removed by Filter: 45177006
                                       Buffers: shared hit=800251 read=266222
                                 ->  Hash  (cost=267874.43..267874.43 rows=566829 width=8) (actual time=8424.464..8424.464 rows=560377 loops=1)
                                       Buckets: 1048576  Batches: 1  Memory Usage: 30082kB
                                       Buffers: shared hit=69167 read=184366 dirtied=253
                                       ->  Bitmap Heap Scan on orders  (cost=5850.00..267874.43 rows=566829 width=8) (actual time=27.437..8162.847 rows=560377 loops=1)
                                             Recheck Cond: ((o_orderdate >= '1993-12-01'::date) AND (o_orderdate < '1994-03-01'::date))
                                             Rows Removed by Index Recheck: 14439623
                                             Heap Blocks: lossy=253522
                                             Buffers: shared hit=69167 read=184366 dirtied=253
                                             ->  Bitmap Index Scan on orders_o_orderdate_o_orderkey_brin_idx  (cost=0.00..5708.29 rows=566829 width=0) (actual time=27.270..27.270 rows=2535680 loops=1)
                                                   Index Cond: ((o_orderdate >= '1993-12-01'::date) AND (o_orderdate < '1994-03-01'::date))
                                                   Buffers: shared hit=11
                           ->  Hash  (cost=50278.00..50278.00 rows=1500000 width=146) (actual time=1341.445..1341.445 rows=1500000 loops=1)
                                 Buckets: 2097152  Batches: 1  Memory Usage: 281501kB
                                 Buffers: shared hit=33307 read=1971
                                 ->  Seq Scan on customer  (cost=0.00..50278.00 rows=1500000 width=146) (actual time=0.006..571.800 rows=1500000 loops=1)
                                       Buffers: shared hit=33307 read=1971
                     ->  Hash  (cost=1.25..1.25 rows=25 width=30) (actual time=0.015..0.015 rows=25 loops=1)
                           Buckets: 1024  Batches: 1  Memory Usage: 10kB
                           Buffers: shared hit=1
                           ->  Seq Scan on nation  (cost=0.00..1.25 rows=25 width=30) (actual time=0.003..0.006 rows=25 loops=1)
                                 Buffers: shared hit=1
 Planning time: 3.021 ms
 Execution time: 32786.760 ms
(45 rows)

COMMIT;
COMMIT
