BEGIN;
BEGIN
EXPLAIN (ANALYZE, BUFFERS)
select
	l_shipmode,
	sum(case
		when o_orderpriority = '1-URGENT'
			or o_orderpriority = '2-HIGH'
			then 1
		else 0
	end) as high_line_count,
	sum(case
		when o_orderpriority <> '1-URGENT'
			and o_orderpriority <> '2-HIGH'
			then 1
		else 0
	end) as low_line_count
from
	orders,
	lineitem
where
	o_orderkey = l_orderkey
	and l_shipmode in ('REG AIR', 'RAIL')
	and l_commitdate < l_receiptdate
	and l_shipdate < l_commitdate
	and l_receiptdate >= date '1996-01-01'
	and l_receiptdate < date '1996-01-01' + interval '1 year'
group by
	l_shipmode
order by
	l_shipmode;
                                                                                                                              QUERY PLAN                                                                                                                               
-----------------------------------------------------------------------------------------------------------------------------------------------------------------------------------------------------------------------------------------------------------------------
 Sort  (cost=3041097.88..3041097.88 rows=1 width=27) (actual time=31094.987..31094.988 rows=2 loops=1)
   Sort Key: lineitem.l_shipmode
   Sort Method: quicksort  Memory: 25kB
   Buffers: shared hit=1301948 read=25955
   ->  HashAggregate  (cost=3041097.86..3041097.87 rows=1 width=27) (actual time=31094.935..31094.936 rows=2 loops=1)
         Group Key: lineitem.l_shipmode
         Buffers: shared hit=1301943 read=25955
         ->  Hash Join  (cost=594902.33..3035984.13 rows=292213 width=27) (actual time=8295.410..30817.869 rows=313332 loops=1)
               Hash Cond: (lineitem.l_orderkey = orders.o_orderkey)
               Buffers: shared hit=1301943 read=25955
               ->  Seq Scan on lineitem  (cost=0.00..2431950.14 rows=292213 width=15) (actual time=0.027..22254.598 rows=313332 loops=1)
                     Filter: ((l_shipmode = ANY ('{"REG AIR",RAIL}'::bpchar[])) AND (l_commitdate < l_receiptdate) AND (l_shipdate < l_commitdate) AND (l_receiptdate >= '1996-01-01'::date) AND (l_receiptdate < '1997-01-01 00:00:00'::timestamp without time zone))
                     Rows Removed by Filter: 59671577
                     Buffers: shared hit=1047011 read=25843
               ->  Hash  (cost=406090.48..406090.48 rows=15104948 width=20) (actual time=8250.109..8250.109 rows=15000000 loops=1)
                     Buckets: 16777216  Batches: 1  Memory Usage: 892791kB
                     Buffers: shared hit=254929 read=112
                     ->  Seq Scan on orders  (cost=0.00..406090.48 rows=15104948 width=20) (actual time=0.010..3920.884 rows=15000000 loops=1)
                           Buffers: shared hit=254929 read=112
 Planning time: 2.246 ms
 Execution time: 31100.933 ms
(21 rows)

COMMIT;
COMMIT
