BEGIN;
BEGIN
EXPLAIN (ANALYZE, BUFFERS)
select
	s_name,
	count(*) as numwait
from
	supplier,
	lineitem l1,
	orders,
	nation
where
	s_suppkey = l1.l_suppkey
	and o_orderkey = l1.l_orderkey
	and o_orderstatus = 'F'
	and l1.l_receiptdate > l1.l_commitdate
	and exists (
		select
			*
		from
			lineitem l2
		where
			l2.l_orderkey = l1.l_orderkey
			and l2.l_suppkey <> l1.l_suppkey
	)
	and not exists (
		select
			*
		from
			lineitem l3
		where
			l3.l_orderkey = l1.l_orderkey
			and l3.l_suppkey <> l1.l_suppkey
			and l3.l_receiptdate > l3.l_commitdate
	)
	and s_nationkey = n_nationkey
	and n_name = 'KENYA'
group by
	s_name
order by
	numwait desc,
	s_name
LIMIT 100;
                                                                                                  QUERY PLAN                                                                                                  
--------------------------------------------------------------------------------------------------------------------------------------------------------------------------------------------------------------
 Limit  (cost=2860669.74..2860669.74 rows=1 width=26) (actual time=39919.473..39919.494 rows=100 loops=1)
   Buffers: shared hit=14093695 read=430267 written=19
   ->  Sort  (cost=2860669.74..2860669.74 rows=1 width=26) (actual time=39919.471..39919.481 rows=100 loops=1)
         Sort Key: (count(*)), supplier.s_name
         Sort Method: top-N heapsort  Memory: 32kB
         Buffers: shared hit=14093695 read=430267 written=19
         ->  HashAggregate  (cost=2860669.72..2860669.73 rows=1 width=26) (actual time=39917.300..39918.368 rows=4044 loops=1)
               Group Key: supplier.s_name
               Buffers: shared hit=14093687 read=430267 written=19
               ->  Nested Loop Anti Join  (cost=2406.88..2860669.71 rows=1 width=26) (actual time=42.408..39866.202 rows=39661 loops=1)
                     Buffers: shared hit=14093687 read=430267 written=19
                     ->  Nested Loop Semi Join  (cost=2406.31..2860667.93 rows=1 width=34) (actual time=41.439..37001.073 rows=714553 loops=1)
                           Join Filter: (orders.o_orderkey = l2.l_orderkey)
                           Buffers: shared hit=10507549 read=428617 written=19
                           ->  Nested Loop  (cost=2405.75..2336776.93 rows=392067 width=38) (actual time=41.371..31968.340 rows=741472 loops=1)
                                 Buffers: shared hit=6930664 read=292597 written=3
                                 ->  Hash Join  (cost=2405.31..1913851.57 rows=803350 width=34) (actual time=41.132..24253.679 rows=1534969 loops=1)
                                       Hash Cond: (l1.l_suppkey = supplier.s_suppkey)
                                       Buffers: shared hit=854397 read=220642
                                       ->  Seq Scan on lineitem l1  (cost=0.00..1827907.41 rows=20134758 width=8) (actual time=0.013..18152.445 rows=37927958 loops=1)
                                             Filter: (l_receiptdate > l_commitdate)
                                             Rows Removed by Filter: 22056951
                                             Buffers: shared hit=852213 read=220641
                                       ->  Hash  (cost=2355.31..2355.31 rows=4000 width=30) (actual time=41.088..41.088 rows=4044 loops=1)
                                             Buckets: 4096  Batches: 1  Memory Usage: 285kB
                                             Buffers: shared hit=2181 read=1
                                             ->  Nested Loop  (cost=43.00..2355.31 rows=4000 width=30) (actual time=0.294..39.923 rows=4044 loops=1)
                                                   Buffers: shared hit=2181 read=1
                                                   ->  Seq Scan on nation  (cost=0.00..1.31 rows=1 width=4) (actual time=0.006..0.010 rows=1 loops=1)
                                                         Filter: (n_name = 'KENYA'::bpchar)
                                                         Rows Removed by Filter: 24
                                                         Buffers: shared hit=1
                                                   ->  Bitmap Heap Scan on supplier  (cost=43.00..2314.00 rows=4000 width=34) (actual time=0.282..39.264 rows=4044 loops=1)
                                                         Recheck Cond: (s_nationkey = nation.n_nationkey)
                                                         Rows Removed by Index Recheck: 95956
                                                         Heap Blocks: lossy=2179
                                                         Buffers: shared hit=2180 read=1
                                                         ->  Bitmap Index Scan on supplier_s_nationkey_s_suppkey_brin_idx  (cost=0.00..42.00 rows=4000 width=0) (actual time=0.265..0.265 rows=23040 loops=1)
                                                               Index Cond: (s_nationkey = nation.n_nationkey)
                                                               Buffers: shared hit=1 read=1
                                 ->  Index Scan using pk_orders on orders  (cost=0.43..0.52 rows=1 width=4) (actual time=0.004..0.005 rows=0 loops=1534969)
                                       Index Cond: (o_orderkey = l1.l_orderkey)
                                       Filter: (o_orderstatus = 'F'::bpchar)
                                       Rows Removed by Filter: 1
                                       Buffers: shared hit=6076267 read=71955 written=3
                           ->  Index Scan using pk_lineitem on lineitem l2  (cost=0.56..1.15 rows=15 width=8) (actual time=0.006..0.006 rows=1 loops=741472)
                                 Index Cond: (l_orderkey = l1.l_orderkey)
                                 Filter: (l_suppkey <> l1.l_suppkey)
                                 Rows Removed by Filter: 0
                                 Buffers: shared hit=3576885 read=136020 written=16
                     ->  Index Scan using pk_lineitem on lineitem l3  (cost=0.56..1.15 rows=5 width=8) (actual time=0.003..0.003 rows=1 loops=714553)
                           Index Cond: (l_orderkey = l1.l_orderkey)
                           Filter: ((l_receiptdate > l_commitdate) AND (l_suppkey <> l1.l_suppkey))
                           Rows Removed by Filter: 1
                           Buffers: shared hit=3586138 read=1650
 Planning time: 8.788 ms
 Execution time: 39919.821 ms
(57 rows)

COMMIT;
COMMIT
