BEGIN;
BEGIN
EXPLAIN (ANALYZE, BUFFERS)
select
	c_custkey,
	c_name,
	sum(l_extendedprice * (1 - l_discount)) as revenue,
	c_acctbal,
	n_name,
	c_address,
	c_phone,
	c_comment
from
	customer,
	orders,
	lineitem,
	nation
where
	c_custkey = o_custkey
	and l_orderkey = o_orderkey
	and o_orderdate >= date '1993-03-01'
	and o_orderdate < cast(date '1993-03-01' + interval '3 month' as date)
	and l_returnflag = 'R'
	and c_nationkey = n_nationkey
group by
	c_custkey,
	c_name,
	c_acctbal,
	c_phone,
	n_name,
	c_address,
	c_comment
order by
	revenue desc
LIMIT 20;
                                                                                               QUERY PLAN                                                                                                
---------------------------------------------------------------------------------------------------------------------------------------------------------------------------------------------------------
 Limit  (cost=2286836.09..2286836.14 rows=20 width=176) (actual time=29913.370..29913.376 rows=20 loops=1)
   Buffers: shared hit=624459 read=738729
   ->  Sort  (cost=2286836.09..2288255.87 rows=567914 width=176) (actual time=29913.367..29913.368 rows=20 loops=1)
         Sort Key: (sum((lineitem.l_extendedprice * (1::double precision - lineitem.l_discount))))
         Sort Method: top-N heapsort  Memory: 30kB
         Buffers: shared hit=624459 read=738729
         ->  HashAggregate  (cost=2266044.96..2271724.10 rows=567914 width=176) (actual time=29589.045..29776.403 rows=381982 loops=1)
               Group Key: customer.c_custkey, customer.c_name, customer.c_acctbal, customer.c_phone, nation.n_name, customer.c_address, customer.c_comment
               Buffers: shared hit=624456 read=738729
               ->  Hash Join  (cost=345709.49..2251847.11 rows=567914 width=176) (actual time=6116.177..27677.129 rows=1148250 loops=1)
                     Hash Cond: (customer.c_nationkey = nation.n_nationkey)
                     Buffers: shared hit=624456 read=738729
                     ->  Hash Join  (cost=345707.93..2244036.73 rows=567914 width=154) (actual time=6116.153..27265.445 rows=1148250 loops=1)
                           Hash Cond: (orders.o_custkey = customer.c_custkey)
                           Buffers: shared hit=624455 read=738729
                           ->  Hash Join  (cost=276679.93..2166490.02 rows=567914 width=12) (actual time=4823.285..25282.678 rows=1148250 loops=1)
                                 Hash Cond: (lineitem.l_orderkey = orders.o_orderkey)
                                 Buffers: shared hit=589177 read=738729
                                 ->  Seq Scan on lineitem  (cost=0.00..1827907.41 rows=14992944 width=12) (actual time=0.014..17479.678 rows=14808293 loops=1)
                                       Filter: (l_returnflag = 'R'::bpchar)
                                       Rows Removed by Filter: 45176616
                                       Buffers: shared hit=334125 read=738729
                                 ->  Hash  (cost=269527.96..269527.96 rows=572157 width=8) (actual time=4819.865..4819.865 rows=573422 loops=1)
                                       Buckets: 1048576  Batches: 1  Memory Usage: 30592kB
                                       Buffers: shared hit=255052
                                       ->  Bitmap Heap Scan on orders  (cost=5904.61..269527.96 rows=572157 width=8) (actual time=27.505..4652.018 rows=573422 loops=1)
                                             Recheck Cond: ((o_orderdate >= '1993-03-01'::date) AND (o_orderdate < '1993-06-01'::date))
                                             Rows Removed by Index Recheck: 14426578
                                             Heap Blocks: lossy=255041
                                             Buffers: shared hit=255052
                                             ->  Bitmap Index Scan on orders_o_orderdate_o_orderkey_brin_idx  (cost=0.00..5761.57 rows=572157 width=0) (actual time=27.338..27.338 rows=2551040 loops=1)
                                                   Index Cond: ((o_orderdate >= '1993-03-01'::date) AND (o_orderdate < '1993-06-01'::date))
                                                   Buffers: shared hit=11
                           ->  Hash  (cost=50278.00..50278.00 rows=1500000 width=146) (actual time=1286.723..1286.723 rows=1500000 loops=1)
                                 Buckets: 2097152  Batches: 1  Memory Usage: 281501kB
                                 Buffers: shared hit=35278
                                 ->  Seq Scan on customer  (cost=0.00..50278.00 rows=1500000 width=146) (actual time=0.006..527.861 rows=1500000 loops=1)
                                       Buffers: shared hit=35278
                     ->  Hash  (cost=1.25..1.25 rows=25 width=30) (actual time=0.016..0.016 rows=25 loops=1)
                           Buckets: 1024  Batches: 1  Memory Usage: 10kB
                           Buffers: shared hit=1
                           ->  Seq Scan on nation  (cost=0.00..1.25 rows=25 width=30) (actual time=0.004..0.006 rows=25 loops=1)
                                 Buffers: shared hit=1
 Planning time: 3.704 ms
 Execution time: 29922.263 ms
(45 rows)

COMMIT;
COMMIT
