BEGIN;
BEGIN
EXPLAIN (ANALYZE, BUFFERS)
select
	c_custkey,
	c_name,
	sum(l_extendedprice * (1 - l_discount)) as revenue,
	c_acctbal,
	n_name,
	c_address,
	c_phone,
	c_comment
from
	customer,
	orders,
	lineitem,
	nation
where
	c_custkey = o_custkey
	and l_orderkey = o_orderkey
	and o_orderdate >= date '1994-12-01'
	and o_orderdate < cast(date '1994-12-01' + interval '3 month' as date)
	and l_returnflag = 'R'
	and c_nationkey = n_nationkey
group by
	c_custkey,
	c_name,
	c_acctbal,
	c_phone,
	n_name,
	c_address,
	c_comment
order by
	revenue desc
LIMIT 20;
                                                                                               QUERY PLAN                                                                                                
---------------------------------------------------------------------------------------------------------------------------------------------------------------------------------------------------------
 Limit  (cost=2277019.51..2277019.56 rows=20 width=176) (actual time=31799.704..31799.711 rows=20 loops=1)
   Buffers: shared hit=760427 read=597499 dirtied=253 written=53
   ->  Sort  (cost=2277019.51..2278415.07 rows=558222 width=176) (actual time=31799.701..31799.707 rows=20 loops=1)
         Sort Key: (sum((lineitem.l_extendedprice * (1::double precision - lineitem.l_discount))))
         Sort Method: top-N heapsort  Memory: 30kB
         Buffers: shared hit=760427 read=597499 dirtied=253 written=53
         ->  HashAggregate  (cost=2256583.20..2262165.42 rows=558222 width=176) (actual time=31467.426..31665.752 rows=371343 loops=1)
               Group Key: customer.c_custkey, customer.c_name, customer.c_acctbal, customer.c_phone, nation.n_name, customer.c_address, customer.c_comment
               Buffers: shared hit=760424 read=597499 dirtied=253 written=53
               ->  Hash Join  (cost=344327.63..2242627.65 rows=558222 width=176) (actual time=8995.349..29645.833 rows=1080274 loops=1)
                     Hash Cond: (customer.c_nationkey = nation.n_nationkey)
                     Buffers: shared hit=760424 read=597499 dirtied=253 written=53
                     ->  Hash Join  (cost=344326.07..2234950.54 rows=558222 width=154) (actual time=8995.321..29267.741 rows=1080274 loops=1)
                           Hash Cond: (orders.o_custkey = customer.c_custkey)
                           Buffers: shared hit=760423 read=597499 dirtied=253 written=53
                           ->  Hash Join  (cost=275298.07..2157549.21 rows=558222 width=12) (actual time=7595.439..27148.553 rows=1080274 loops=1)
                                 Hash Cond: (lineitem.l_orderkey = orders.o_orderkey)
                                 Buffers: shared hit=738442 read=584202 dirtied=253 written=53
                                 ->  Seq Scan on lineitem  (cost=0.00..1820668.05 rows=14933565 width=12) (actual time=0.018..16413.158 rows=14823192 loops=1)
                                       Filter: (l_returnflag = 'R'::bpchar)
                                       Rows Removed by Filter: 45222187
                                       Buffers: shared hit=716587 read=352018
                                 ->  Hash  (cost=268268.25..268268.25 rows=562386 width=8) (actual time=7592.130..7592.130 rows=561837 loops=1)
                                       Buckets: 1048576  Batches: 1  Memory Usage: 30139kB
                                       Buffers: shared hit=21855 read=232184 dirtied=253 written=53
                                       ->  Bitmap Heap Scan on orders  (cost=5804.46..268268.25 rows=562386 width=8) (actual time=27.544..7363.771 rows=561837 loops=1)
                                             Recheck Cond: ((o_orderdate >= '1994-12-01'::date) AND (o_orderdate < '1995-03-01'::date))
                                             Rows Removed by Index Recheck: 14453163
                                             Heap Blocks: lossy=254028
                                             Buffers: shared hit=21855 read=232184 dirtied=253 written=53
                                             ->  Bitmap Index Scan on orders_o_orderdate_o_orderkey_brin_idx  (cost=0.00..5663.86 rows=562386 width=0) (actual time=27.358..27.358 rows=2540800 loops=1)
                                                   Index Cond: ((o_orderdate >= '1994-12-01'::date) AND (o_orderdate < '1995-03-01'::date))
                                                   Buffers: shared hit=3 read=8
                           ->  Hash  (cost=50278.00..50278.00 rows=1500000 width=146) (actual time=1393.683..1393.683 rows=1500000 loops=1)
                                 Buckets: 2097152  Batches: 1  Memory Usage: 281501kB
                                 Buffers: shared hit=21981 read=13297
                                 ->  Seq Scan on customer  (cost=0.00..50278.00 rows=1500000 width=146) (actual time=0.007..622.548 rows=1500000 loops=1)
                                       Buffers: shared hit=21981 read=13297
                     ->  Hash  (cost=1.25..1.25 rows=25 width=30) (actual time=0.018..0.018 rows=25 loops=1)
                           Buckets: 1024  Batches: 1  Memory Usage: 10kB
                           Buffers: shared hit=1
                           ->  Seq Scan on nation  (cost=0.00..1.25 rows=25 width=30) (actual time=0.004..0.011 rows=25 loops=1)
                                 Buffers: shared hit=1
 Planning time: 4.108 ms
 Execution time: 31809.555 ms
(45 rows)

COMMIT;
COMMIT
